Command line invocation:
    /Applications/Xcode-beta.app/Contents/Developer/usr/bin/xcodebuild test -scheme "Contacts Organizer" -destination platform=macOS CODE_SIGNING_ALLOWED=NO

Build settings from command line:
    CODE_SIGNING_ALLOWED = NO

ComputePackagePrebuildTargetDependencyGraph

Prepare packages

CreateBuildRequest

SendProjectDescription

CreateBuildOperation

ComputeTargetDependencyGraph
note: Building targets in dependency order
note: Target dependency graph (2 targets)
    Target 'Contacts OrganizerTests' in project 'Contacts Organizer'
        ➜ Explicit dependency on target 'Contacts Organizer' in project 'Contacts Organizer'
    Target 'Contacts Organizer' in project 'Contacts Organizer' (no dependencies)

GatherProvisioningInputs

CreateBuildDescription

ExecuteExternalTool /Applications/Xcode-beta.app/Contents/Developer/Toolchains/XcodeDefault.xctoolchain/usr/bin/clang -v -E -dM -isysroot /Applications/Xcode-beta.app/Contents/Developer/Platforms/MacOSX.platform/Developer/SDKs/MacOSX26.2.sdk -x c -c /dev/null

ExecuteExternalTool /Applications/Xcode-beta.app/Contents/Developer/Toolchains/XcodeDefault.xctoolchain/usr/bin/swiftc --version

ExecuteExternalTool /Applications/Xcode-beta.app/Contents/Developer/Toolchains/XcodeDefault.xctoolchain/usr/bin/ld -version_details

Build description signature: 739d24c7f3fbdd8323b0e4d4847c58a1
Build description path: /Users/minimac/Library/Developer/Xcode/DerivedData/Contacts_Organizer-dmlvkghjqgzlvnezvxtllcgdmqpu/Build/Intermediates.noindex/XCBuildData/739d24c7f3fbdd8323b0e4d4847c58a1.xcbuilddata
ClangStatCache /Applications/Xcode-beta.app/Contents/Developer/Toolchains/XcodeDefault.xctoolchain/usr/bin/clang-stat-cache /Applications/Xcode-beta.app/Contents/Developer/Platforms/MacOSX.platform/Developer/SDKs/MacOSX26.2.sdk /Users/minimac/Library/Developer/Xcode/DerivedData/SDKStatCaches.noindex/macosx26.2-25C5031g-28ca432d5676da3146507086b13d17f8.sdkstatcache
    cd /Volumes/CORSAIR/swift_contacts_organizer/Contacts\ Organizer/Contacts\ Organizer.xcodeproj
    /Applications/Xcode-beta.app/Contents/Developer/Toolchains/XcodeDefault.xctoolchain/usr/bin/clang-stat-cache /Applications/Xcode-beta.app/Contents/Developer/Platforms/MacOSX.platform/Developer/SDKs/MacOSX26.2.sdk -o /Users/minimac/Library/Developer/Xcode/DerivedData/SDKStatCaches.noindex/macosx26.2-25C5031g-28ca432d5676da3146507086b13d17f8.sdkstatcache

CopySwiftLibs /Users/minimac/Library/Developer/Xcode/DerivedData/Contacts_Organizer-dmlvkghjqgzlvnezvxtllcgdmqpu/Build/Products/Debug/Contacts\ Organizer.app (in target 'Contacts Organizer' from project 'Contacts Organizer')
    cd /Volumes/CORSAIR/swift_contacts_organizer/Contacts\ Organizer
    builtin-swiftStdLibTool --copy --verbose --scan-executable /Users/minimac/Library/Developer/Xcode/DerivedData/Contacts_Organizer-dmlvkghjqgzlvnezvxtllcgdmqpu/Build/Products/Debug/Contacts\ Organizer.app/Contents/MacOS/Contacts\ Organizer.debug.dylib --scan-folder /Users/minimac/Library/Developer/Xcode/DerivedData/Contacts_Organizer-dmlvkghjqgzlvnezvxtllcgdmqpu/Build/Products/Debug/Contacts\ Organizer.app/Contents/Frameworks --scan-folder /Users/minimac/Library/Developer/Xcode/DerivedData/Contacts_Organizer-dmlvkghjqgzlvnezvxtllcgdmqpu/Build/Products/Debug/Contacts\ Organizer.app/Contents/PlugIns --scan-folder /Users/minimac/Library/Developer/Xcode/DerivedData/Contacts_Organizer-dmlvkghjqgzlvnezvxtllcgdmqpu/Build/Products/Debug/Contacts\ Organizer.app/Contents/Library/SystemExtensions --scan-folder /Users/minimac/Library/Developer/Xcode/DerivedData/Contacts_Organizer-dmlvkghjqgzlvnezvxtllcgdmqpu/Build/Products/Debug/Contacts\ Organizer.app/Contents/Extensions --platform macosx --toolchain /Applications/Xcode-beta.app/Contents/Developer/Toolchains/XcodeDefault.xctoolchain --destination /Users/minimac/Library/Developer/Xcode/DerivedData/Contacts_Organizer-dmlvkghjqgzlvnezvxtllcgdmqpu/Build/Products/Debug/Contacts\ Organizer.app/Contents/Frameworks --strip-bitcode --strip-bitcode-tool /Applications/Xcode-beta.app/Contents/Developer/Toolchains/XcodeDefault.xctoolchain/usr/bin/bitcode_strip --emit-dependency-info /Users/minimac/Library/Developer/Xcode/DerivedData/Contacts_Organizer-dmlvkghjqgzlvnezvxtllcgdmqpu/Build/Intermediates.noindex/Contacts\ Organizer.build/Debug/Contacts\ Organizer.build/SwiftStdLibToolInputDependencies.dep --filter-for-swift-os
Ignoring --strip-bitcode because --sign was not passed

ProcessInfoPlistFile /Users/minimac/Library/Developer/Xcode/DerivedData/Contacts_Organizer-dmlvkghjqgzlvnezvxtllcgdmqpu/Build/Products/Debug/Contacts\ Organizer.app/Contents/Info.plist /Volumes/CORSAIR/swift_contacts_organizer/Contacts\ Organizer/Contacts-Organizer-Info.plist (in target 'Contacts Organizer' from project 'Contacts Organizer')
    cd /Volumes/CORSAIR/swift_contacts_organizer/Contacts\ Organizer
    builtin-infoPlistUtility /Volumes/CORSAIR/swift_contacts_organizer/Contacts\ Organizer/Contacts-Organizer-Info.plist -producttype com.apple.product-type.application -genpkginfo /Users/minimac/Library/Developer/Xcode/DerivedData/Contacts_Organizer-dmlvkghjqgzlvnezvxtllcgdmqpu/Build/Products/Debug/Contacts\ Organizer.app/Contents/PkgInfo -expandbuildsettings -platform macosx -o /Users/minimac/Library/Developer/Xcode/DerivedData/Contacts_Organizer-dmlvkghjqgzlvnezvxtllcgdmqpu/Build/Products/Debug/Contacts\ Organizer.app/Contents/Info.plist

warning: Skipping duplicate build file in Compile Sources build phase: /Volumes/CORSAIR/swift_contacts_organizer/Contacts Organizer/Contacts OrganizerTests/SettingsActionControllerTests.swift (in target 'Contacts OrganizerTests' from project 'Contacts Organizer')
warning: Skipping duplicate build file in Compile Sources build phase: /Volumes/CORSAIR/swift_contacts_organizer/Contacts Organizer/Contacts OrganizerTests/SettingsPreferenceStoreTests.swift (in target 'Contacts OrganizerTests' from project 'Contacts Organizer')
ProcessInfoPlistFile /Users/minimac/Library/Developer/Xcode/DerivedData/Contacts_Organizer-dmlvkghjqgzlvnezvxtllcgdmqpu/Build/Products/Debug/Contacts\ Organizer.app/Contents/PlugIns/Contacts\ OrganizerTests.xctest/Contents/Info.plist /Users/minimac/Library/Developer/Xcode/DerivedData/Contacts_Organizer-dmlvkghjqgzlvnezvxtllcgdmqpu/Build/Intermediates.noindex/Contacts\ Organizer.build/Debug/Contacts\ OrganizerTests.build/empty-Contacts\ OrganizerTests.plist (in target 'Contacts OrganizerTests' from project 'Contacts Organizer')
    cd /Volumes/CORSAIR/swift_contacts_organizer/Contacts\ Organizer
    builtin-infoPlistUtility /Users/minimac/Library/Developer/Xcode/DerivedData/Contacts_Organizer-dmlvkghjqgzlvnezvxtllcgdmqpu/Build/Intermediates.noindex/Contacts\ Organizer.build/Debug/Contacts\ OrganizerTests.build/empty-Contacts\ OrganizerTests.plist -producttype com.apple.product-type.bundle.unit-test -expandbuildsettings -platform macosx -o /Users/minimac/Library/Developer/Xcode/DerivedData/Contacts_Organizer-dmlvkghjqgzlvnezvxtllcgdmqpu/Build/Products/Debug/Contacts\ Organizer.app/Contents/PlugIns/Contacts\ OrganizerTests.xctest/Contents/Info.plist

Testing started
Test suite 'ContactsManagerConcurrencyTests' started on 'My Mac - Contacts Organizer (78144)'
Test case 'ContactsManagerConcurrencyTests.testConcurrentOperationsProduceCorrectResults()' passed on 'My Mac - Contacts Organizer (78144)' (0.002 seconds)
Test case 'ContactsManagerConcurrencyTests.testConcurrentSmartGroupGenerations()' passed on 'My Mac - Contacts Organizer (78144)' (0.004 seconds)
Test case 'ContactsManagerConcurrencyTests.testErrorHandlingInConcurrentOperations()' passed on 'My Mac - Contacts Organizer (78144)' (0.002 seconds)
Test case 'ContactsManagerConcurrencyTests.testGenerateSmartGroupsDoesNotBlockMainThread()' passed on 'My Mac - Contacts Organizer (78144)' (0.009 seconds)
Test suite 'SmartGroupTests' started on 'My Mac - Contacts Organizer (78145)'
Test case 'SmartGroupTests.testCustomCriteriaHasPhone()' passed on 'My Mac - Contacts Organizer (78145)' (0.001 seconds)
Test case 'SmartGroupTests.testCustomCriteriaHasPhoto()' passed on 'My Mac - Contacts Organizer (78145)' (0.001 seconds)
Test case 'SmartGroupTests.testCustomCriteriaMissingEmail()' passed on 'My Mac - Contacts Organizer (78145)' (0.001 seconds)
Test case 'SmartGroupTests.testCustomCriteriaMultipleRules()' passed on 'My Mac - Contacts Organizer (78145)' (0.001 seconds)
Test case 'SmartGroupTests.testCustomCriteriaNameContains()' passed on 'My Mac - Contacts Organizer (78145)' (0.001 seconds)
Test case 'SmartGroupTests.testCustomCriteriaOrganizationContains()' passed on 'My Mac - Contacts Organizer (78145)' (0.001 seconds)
Test case 'SmartGroupTests.testDefaultSmartGroups()' passed on 'My Mac - Contacts Organizer (78145)' (0.001 seconds)
Test case 'SmartGroupTests.testDisabledDefinitionsNotGenerated()' passed on 'My Mac - Contacts Organizer (78145)' (0.001 seconds)
Test case 'SmartGroupTests.testEmptyContactList()' passed on 'My Mac - Contacts Organizer (78145)' (0.001 seconds)
Test case 'SmartGroupTests.testMultipleDefinitions()' passed on 'My Mac - Contacts Organizer (78145)' (0.003 seconds)
Test case 'SmartGroupTests.testOrganizationGrouping()' passed on 'My Mac - Contacts Organizer (78145)' (0.001 seconds)
Test case 'SmartGroupTests.testOrganizationGroupingMinimumTwoContacts()' passed on 'My Mac - Contacts Organizer (78145)' (0.001 seconds)
Test case 'SmartGroupTests.testPhase1EmailOnly()' passed on 'My Mac - Contacts Organizer (78145)' (0.001 seconds)
Test suite 'SettingsPreferenceStoreTests' started on 'My Mac - Contacts Organizer (78146)'
Test suite 'DataQualityAnalyzerTests' started on 'My Mac - Contacts Organizer (78147)'
Test case 'SmartGroupTests.testPhase1MultipleEmails()' passed on 'My Mac - Contacts Organizer (78145)' (0.001 seconds)
Test case 'DataQualityAnalyzerTests.testCompleteContact()' passed on 'My Mac - Contacts Organizer (78147)' (0.001 seconds)
Test case 'SmartGroupTests.testPhase1MultiplePhones()' passed on 'My Mac - Contacts Organizer (78145)' (0.005 seconds)
Test case 'DataQualityAnalyzerTests.testEmptyContactList()' passed on 'My Mac - Contacts Organizer (78147)' (0.000 seconds)
Test case 'DataQualityAnalyzerTests.testHealthScoreDecreasesWithIssues()' passed on 'My Mac - Contacts Organizer (78147)' (0.000 seconds)
Test case 'DataQualityAnalyzerTests.testHealthScoreForNoIssues()' passed on 'My Mac - Contacts Organizer (78147)' (0.000 seconds)
Test case 'DataQualityAnalyzerTests.testHealthScoreLowPriorityCappedAt5Percent()' passed on 'My Mac - Contacts Organizer (78147)' (0.000 seconds)
Test case 'DataQualityAnalyzerTests.testHealthScoreMixedSeverities()' passed on 'My Mac - Contacts Organizer (78147)' (0.000 seconds)
Test case 'SmartGroupTests.testPhase1NoCriticalInfo()' passed on 'My Mac - Contacts Organizer (78145)' (0.001 seconds)
Test case 'SmartGroupTests.testPhase1PhoneOnly()' passed on 'My Mac - Contacts Organizer (78145)' (0.001 seconds)
Test case 'SmartGroupTests.testPhase2BirthdayThisMonth()' passed on 'My Mac - Contacts Organizer (78145)' (0.001 seconds)
Test case 'SmartGroupTests.testPhase2BirthdayThisWeek()' passed on 'My Mac - Contacts Organizer (78145)' (0.001 seconds)
Test case 'SmartGroupTests.testPhase2RecentlyAdded()' passed on 'My Mac - Contacts Organizer (78145)' (0.001 seconds)
Test case 'DataQualityAnalyzerTests.testHealthScoreSeverityWeighting()' passed on 'My Mac - Contacts Organizer (78147)' (0.000 seconds)
Test case 'DataQualityAnalyzerTests.testHealthScoreSuggestionsNoImpact()' passed on 'My Mac - Contacts Organizer (78147)' (0.000 seconds)
Test case 'SmartGroupTests.testPhase2RecentlyModified()' passed on 'My Mac - Contacts Organizer (78145)' (0.006 seconds)
Test case 'DataQualityAnalyzerTests.testIssuesSortedBySeverity()' passed on 'My Mac - Contacts Organizer (78147)' (0.000 seconds)
Test case 'SmartGroupTests.testPhase2StaleContacts()' passed on 'My Mac - Contacts Organizer (78145)' (0.001 seconds)
Test case 'DataQualityAnalyzerTests.testMissingEmailDetection()' passed on 'My Mac - Contacts Organizer (78147)' (0.000 seconds)
Test case 'DataQualityAnalyzerTests.testMissingNameDetection()' passed on 'My Mac - Contacts Organizer (78147)' (0.000 seconds)
Test case 'DataQualityAnalyzerTests.testMissingPhoneDetection()' passed on 'My Mac - Contacts Organizer (78147)' (0.000 seconds)
Test case 'DataQualityAnalyzerTests.testMultipleIssuesOnSameContact()' passed on 'My Mac - Contacts Organizer (78147)' (0.000 seconds)
Test case 'DataQualityAnalyzerTests.testNoContactInfoDetection()' passed on 'My Mac - Contacts Organizer (78147)' (0.010 seconds)
Test case 'DataQualityAnalyzerTests.testOrganizationSuggestion()' passed on 'My Mac - Contacts Organizer (78147)' (0.000 seconds)
Test suite 'PrivacyMonitorServiceTests' started on 'My Mac - Contacts Organizer (78148)'
Test suite 'DuplicateDetectorTests' started on 'My Mac - Contacts Organizer (78149)'
Test case 'ContactsManagerConcurrencyTests.testMainThreadLatencyDuringOperations()' passed on 'My Mac - Contacts Organizer (78144)' (0.535 seconds)
Test case 'DuplicateDetectorTests.testEmptyContactList()' passed on 'My Mac - Contacts Organizer (78149)' (0.001 seconds)
Test case 'DuplicateDetectorTests.testExactNameMatch()' passed on 'My Mac - Contacts Organizer (78149)' (0.000 seconds)
Test case 'DuplicateDetectorTests.testMultipleMatchCriteria()' passed on 'My Mac - Contacts Organizer (78149)' (0.000 seconds)
Test case 'DuplicateDetectorTests.testNoExactNameMatchWithDifferentNames()' passed on 'My Mac - Contacts Organizer (78149)' (0.000 seconds)
Test suite 'SettingsActionControllerTests' started on 'My Mac - Contacts Organizer (78150)'
Test case 'SettingsActionControllerTests.testCreateBackupPassesThroughToContactsManager()' passed on 'My Mac - Contacts Organizer (78150)' (0.102 seconds)
Test case 'ContactsManagerConcurrencyTests.testMainThreadResponsivenessDuringSmartGroupGeneration()' passed on 'My Mac - Contacts Organizer (78144)' (0.134 seconds)
Test case 'ContactsManagerConcurrencyTests.testManySimultaneousOperations()' passed on 'My Mac - Contacts Organizer (78144)' (0.009 seconds)
Test case 'ContactsManagerConcurrencyTests.testMixedOperationsConcurrency()' passed on 'My Mac - Contacts Organizer (78144)' (0.010 seconds)
Test case 'ContactsManagerConcurrencyTests.testOperationsPriorityIndependence()' passed on 'My Mac - Contacts Organizer (78144)' (0.005 seconds)
Test case 'PrivacyMonitorServiceTests.testRecordingProcessingMetricsUpdatesAverages()' passed on 'My Mac - Contacts Organizer (78148)' (0.203 seconds)
Test case 'SettingsActionControllerTests.testRequestAccessCallsContactsManager()' passed on 'My Mac - Contacts Organizer (78150)' (0.104 seconds)
Test suite 'OverviewDashboardModelTests' started on 'My Mac - Contacts Organizer (78150)'
Test case 'OverviewDashboardModelTests.testBackupReminderRespectsInitialAppState()' passed on 'My Mac - Contacts Organizer (78150)' (0.002 seconds)
Test case 'SettingsPreferenceStoreTests.testUpdateAutoRefreshPersistsAndIsUndoable()' passed on 'My Mac - Contacts Organizer (78146)' (0.309 seconds)
Test case 'PrivacyMonitorServiceTests.testRefreshMetricsUpdatesTimestamp()' passed on 'My Mac - Contacts Organizer (78148)' (0.174 seconds)
Test suite 'BackupServiceTests' started on 'My Mac - Contacts Organizer (78148)'
Test case 'DuplicateDetectorTests.testPerformanceWithLargeDataset()' passed on 'My Mac - Contacts Organizer (78149)' (0.383 seconds)
Test case 'ContactsManagerConcurrencyTests.testOperationsWorkFromBackgroundContext()' passed on 'My Mac - Contacts Organizer (78144)' (0.229 seconds)
Test case 'SettingsPreferenceStoreTests.testUpdateDeveloperSettingsPersistsKey()' passed on 'My Mac - Contacts Organizer (78146)' (0.155 seconds)
Test case 'SettingsPreferenceStoreTests.testUpdateSelectedTabPersistsKey()' passed on 'My Mac - Contacts Organizer (78146)' (0.001 seconds)
Test case 'DuplicateDetectorTests.testPrimaryContactSelectionWithMoreData()' passed on 'My Mac - Contacts Organizer (78149)' (0.005 seconds)
Test case 'DuplicateDetectorTests.testSameEmailMatch()' passed on 'My Mac - Contacts Organizer (78149)' (0.001 seconds)
Test case 'DuplicateDetectorTests.testSamePhoneNumberMatch()' passed on 'My Mac - Contacts Organizer (78149)' (0.001 seconds)
Test case 'DuplicateDetectorTests.testSimilarNameMatch()' passed on 'My Mac - Contacts Organizer (78149)' (0.000 seconds)
Test case 'DuplicateDetectorTests.testSingleContact()' passed on 'My Mac - Contacts Organizer (78149)' (0.001 seconds)
Test case 'OverviewDashboardModelTests.testDismissBackupReminderRegistersUndo()' failed on 'My Mac - Contacts Organizer (78150)' (0.182 seconds)
Test case 'OverviewDashboardModelTests.testDuplicateAndIssueCountsTrackUpdates()' passed on 'My Mac - Contacts Organizer (78150)' (0.002 seconds)
Test case 'OverviewDashboardModelTests.testManualGroupCountUpdatesFromPublisher()' passed on 'My Mac - Contacts Organizer (78150)' (0.001 seconds)
Test case 'OverviewDashboardModelTests.testMetricsUpdateWhenStatisticsChange()' passed on 'My Mac - Contacts Organizer (78150)' (0.001 seconds)
Test suite 'ContactsUndoManagerTests' started on 'My Mac - Contacts Organizer (78149)'
Test case 'ContactsUndoManagerTests.testAddedEmailEffectUndoRedo()' passed on 'My Mac - Contacts Organizer (78149)' (0.002 seconds)
Test case 'ContactsUndoManagerTests.testAddedPhoneEffectUndoRedo()' passed on 'My Mac - Contacts Organizer (78149)' (0.001 seconds)
Test case 'ContactsUndoManagerTests.testAddedToGroupEffectUndoRedo()' passed on 'My Mac - Contacts Organizer (78149)' (0.001 seconds)
Test case 'ContactsUndoManagerTests.testArchivedContactEffectUndoRedo()' passed on 'My Mac - Contacts Organizer (78149)' (0.001 seconds)
Test case 'ContactsUndoManagerTests.testFailedUndoReturnsOperationToStack()' passed on 'My Mac - Contacts Organizer (78149)' (0.001 seconds)
Test case 'ContactsUndoManagerTests.testRegisterAndUndoRedo()' passed on 'My Mac - Contacts Organizer (78149)' (0.001 seconds)
Test case 'ContactsUndoManagerTests.testUpdatedNameEffectUndoRedo()' passed on 'My Mac - Contacts Organizer (78149)' (0.001 seconds)
Test suite 'MergeEngineTests' started on 'My Mac - Contacts Organizer (78149)'
Test case 'DataQualityAnalyzerTests.testPerformanceWithLargeDataset()' passed on 'My Mac - Contacts Organizer (78147)' (0.478 seconds)
Test case 'DataQualityAnalyzerTests.testSummaryGeneration()' passed on 'My Mac - Contacts Organizer (78147)' (0.000 seconds)
Test case 'MergeEngineTests.testMergeEngineRespectsPreferredSourcesAndAllowedValues()' failed on 'My Mac - Contacts Organizer (78149)' (0.005 seconds)
Test case 'MergeEngineTests.testMergePlanProducesConfigurationWithSelectedValues()' passed on 'My Mac - Contacts Organizer (78149)' (0.000 seconds)
Test suite 'HealthIssueActionExecutorTests' started on 'My Mac - Contacts Organizer (78149)'
Test case 'HealthIssueActionExecutorTests.testExecuteAddEmailCallsPerformer()' passed on 'My Mac - Contacts Organizer (78149)' (0.001 seconds)
Test case 'HealthIssueActionExecutorTests.testExecuteAddPhoneCallsPerformer()' passed on 'My Mac - Contacts Organizer (78149)' (0.002 seconds)
Test case 'HealthIssueActionExecutorTests.testExecuteAddToGroup()' passed on 'My Mac - Contacts Organizer (78149)' (0.000 seconds)
Test case 'HealthIssueActionExecutorTests.testExecuteArchive()' passed on 'My Mac - Contacts Organizer (78149)' (0.000 seconds)
Test case 'HealthIssueActionExecutorTests.testExecuteFailsForEmptyInput()' passed on 'My Mac - Contacts Organizer (78149)' (0.000 seconds)
Test case 'HealthIssueActionExecutorTests.testExecuteUpdateName()' passed on 'My Mac - Contacts Organizer (78149)' (0.000 seconds)
Test case 'HealthIssueActionExecutorTests.testMarkReviewedAddsToReviewedGroup()' passed on 'My Mac - Contacts Organizer (78149)' (0.001 seconds)
Test suite 'MergeContactsManagerTests' started on 'My Mac - Contacts Organizer (78149)'
Test suite 'HealthReportActionUndoTests' started on 'My Mac - Contacts Organizer (78147)'
Test case 'HealthReportActionUndoTests.testAddEmailActionRegistersUndoRedo()' passed on 'My Mac - Contacts Organizer (78147)' (0.001 seconds)
Test case 'MergeContactsManagerTests.testMergeContactsUsesOverridePipeline()' passed on 'My Mac - Contacts Organizer (78149)' (0.005 seconds)
Test case 'BackupServiceTests.testCreateBackupPropagatesWriteErrors()' passed on 'My Mac - Contacts Organizer (78148)' (0.106 seconds)
Test case 'HealthReportActionUndoTests.testAddPhoneActionRegistersUndoRedo()' passed on 'My Mac - Contacts Organizer (78147)' (0.001 seconds)
Test case 'HealthReportActionUndoTests.testAddToGroupActionRegistersUndoRedo()' passed on 'My Mac - Contacts Organizer (78147)' (0.001 seconds)
Test case 'HealthReportActionUndoTests.testArchiveActionRegistersUndoRedo()' passed on 'My Mac - Contacts Organizer (78147)' (0.001 seconds)
Test case 'HealthReportActionUndoTests.testMarkReviewedRegistersUndoRedo()' passed on 'My Mac - Contacts Organizer (78147)' (0.001 seconds)
Test case 'HealthReportActionUndoTests.testUpdateNameRegistersUndoRedo()' passed on 'My Mac - Contacts Organizer (78147)' (0.001 seconds)
Test suite 'SmartGroupActionExecutorTests' started on 'My Mac - Contacts Organizer (78149)'
Test suite 'ManualGroupActionExecutorTests' started on 'My Mac - Contacts Organizer (78147)'
Test case 'ManualGroupActionExecutorTests.testAddAndRemoveContactsRegisterUndoRedo()' passed on 'My Mac - Contacts Organizer (78147)' (0.001 seconds)
Test case 'ManualGroupActionExecutorTests.testCleanupDuplicatesDeletesAllSnapshotsAndRegistersUndo()' passed on 'My Mac - Contacts Organizer (78147)' (0.001 seconds)
Test case 'ManualGroupActionExecutorTests.testCreateGroupRegistersUndoRedo()' passed on 'My Mac - Contacts Organizer (78147)' (0.001 seconds)
Test case 'ManualGroupActionExecutorTests.testExportGroupRecordsHistoryAndSupportsUndo()' passed on 'My Mac - Contacts Organizer (78147)' (0.001 seconds)
Test case 'ManualGroupActionExecutorTests.testRenameGroupRegistersUndoRedo()' passed on 'My Mac - Contacts Organizer (78147)' (0.001 seconds)
Test suite 'ImportExportServiceTests' started on 'My Mac - Contacts Organizer (78147)'
Test case 'ImportExportServiceTests.testDefaultExportURLUsesDocumentsDirectory()' passed on 'My Mac - Contacts Organizer (78147)' (0.001 seconds)
Test case 'ImportExportServiceTests.testExportImportRoundTripPreservesExtendedFields()' passed on 'My Mac - Contacts Organizer (78147)' (0.001 seconds)
Test case 'ImportExportServiceTests.testGenerateAndSaveTestDatabaseCreatesReadableFile()' passed on 'My Mac - Contacts Organizer (78147)' (0.001 seconds)
Test suite 'GroupExportServiceFileTests' started on 'My Mac - Contacts Organizer (78147)'
Test case 'BackupServiceTests.testCreateBackupWritesUserAndAppCopies()' passed on 'My Mac - Contacts Organizer (78148)' (0.015 seconds)
Test case 'GroupExportServiceFileTests.testCreateVCardFileStoresTempFile()' passed on 'My Mac - Contacts Organizer (78147)' (0.001 seconds)
Test case 'GroupExportServiceFileTests.testExportToCSVWritesIntoDownloadsOverride()' passed on 'My Mac - Contacts Organizer (78147)' (0.001 seconds)
Test suite 'TypographyTests' started on 'My Mac - Contacts Organizer (78147)'
Test case 'TypographyTests.testPlatformTypographyMatchesMacGuidelines()' passed on 'My Mac - Contacts Organizer (78147)' (0.000 seconds)
Test case 'TypographyTests.testTextScaleMultipliers()' passed on 'My Mac - Contacts Organizer (78147)' (0.000 seconds)
Test case 'TypographyTests.testTypographySizesAreMonotonic()
Test session results, code coverage, and logs:
	/Users/minimac/Library/Developer/Xcode/DerivedData/Contacts_Organizer-dmlvkghjqgzlvnezvxtllcgdmqpu/Logs/Test/Test-Contacts Organizer-2025.11.12_12-01-27--0800.xcresult

' passed on 'My Mac - Contacts Organizer (78147)' (0.000 seconds)
Test suite 'RefreshStateMachineTests' started on 'My Mac - Contacts Organizer (78147)'
Test case 'RefreshStateMachineTests.testConsumePendingRefreshClearsFlag()' passed on 'My Mac - Contacts Organizer (78147)' (0.000 seconds)
Test case 'RefreshStateMachineTests.testPrepareForLoadReturnsFalseWhenBusy()' passed on 'My Mac - Contacts Organizer (78147)' (0.000 seconds)
Test case 'RefreshStateMachineTests.testTriggerIgnoredWhenAutoRefreshDisabled()' passed on 'My Mac - Contacts Organizer (78147)' (0.000 seconds)
Test case 'RefreshStateMachineTests.testTriggerWhileBusyQueuesRefresh()' passed on 'My Mac - Contacts Organizer (78147)' (0.000 seconds)
Test case 'RefreshStateMachineTests.testTriggerWhileIdleStartsRefresh()' passed on 'My Mac - Contacts Organizer (78147)' (0.000 seconds)
Test suite 'GroupExportServiceTests' started on 'My Mac - Contacts Organizer (78147)'
Test case 'GroupExportServiceTests.testGenerateCSVStringEscapesSpecialCharacters()' passed on 'My Mac - Contacts Organizer (78147)' (0.000 seconds)
Test case 'GroupExportServiceTests.testGenerateVCardStringIncludesOrganizationAndContacts()' passed on 'My Mac - Contacts Organizer (78147)' (0.000 seconds)
Test case 'BackupServiceTests.testCreateSafetySnapshotWritesFile()' passed on 'My Mac - Contacts Organizer (78148)' (0.010 seconds)
Test suite 'TestDataGeneratorTests' started on 'My Mac - Contacts Organizer (78147)'
Test suite 'AppStateFlowTests' started on 'My Mac - Contacts Organizer (78148)'
Test case 'AppStateFlowTests.testFlowReflectsAuthorizationChangesImmediately()' passed on 'My Mac - Contacts Organizer (78148)' (0.000 seconds)
Test case 'AppStateFlowTests.testFlowTransitionsThroughOnboardingPermissionAndDashboard()' passed on 'My Mac - Contacts Organizer (78148)' (0.000 seconds)
Test case 'TestDataGeneratorTests.testGeneratorProducesDuplicatesAndIncompleteContacts()' passed on 'My Mac - Contacts Organizer (78147)' (0.001 seconds)
Test suite 'Contacts_OrganizerTests' started on 'My Mac - Contacts Organizer (78147)'
Test case 'Contacts_OrganizerTests/example()' passed on 'My Mac - Contacts Organizer (78147)' (0.000 seconds)
Test case 'OverviewDashboardModelTests.testNavigationActionsRouteToTabs()' passed on 'My Mac - Contacts Organizer (78150)' (0.103 seconds)
Test case 'OverviewDashboardModelTests.testRecentActivitiesPublish()' passed on 'My Mac - Contacts Organizer (78150)' (0.001 seconds)
Test case 'SmartGroupActionExecutorTests.testCreateGroupRegistersUndoRedoAndUpdatesStore()' passed on 'My Mac - Contacts Organizer (78149)' (0.103 seconds)
Test case 'SmartGroupActionExecutorTests.testDeleteGroupRegistersUndoRedo()' passed on 'My Mac - Contacts Organizer (78149)' (0.001 seconds)
Test case 'SmartGroupActionExecutorTests.testExportRecordsHistoryAndSupportsUndo()' passed on 'My Mac - Contacts Organizer (78149)' (0.001 seconds)
Test case 'SettingsPreferenceStoreTests.testUpdateTextScalePersistsAndIsUndoable()' passed on 'My Mac - Contacts Organizer (78146)' (0.205 seconds)
Test case 'SmartGroupTests.testSmartGroupGenerationPerformance()' passed on 'My Mac - Contacts Organizer (78145)' (1.171 seconds)
Test case 'ContactsManagerConcurrencyTests.testSmartGroupConcurrentPerformance()' passed on 'My Mac - Contacts Organizer (78144)' (1.163 seconds)
Test case 'ContactsManagerConcurrencyTests.testStateConsistencyDuringConcurrentOperations()' passed on 'My Mac - Contacts Organizer (78144)' (0.146 seconds)
